<?xml version="1.0" encoding="UTF-8"?>
<testng-results ignored="0" total="1" passed="1" failed="0" skipped="0">
  <reporter-output>
  </reporter-output>
  <suite started-at="2026-04-13T13:27:19 IST" name="Default suite" finished-at="2026-04-13T13:27:40 IST" duration-ms="21158">
    <groups>
    </groups>
    <test started-at="2026-04-13T13:27:19 IST" name="Default test" finished-at="2026-04-13T13:27:40 IST" duration-ms="21158">
      <class name="com.crm.Vtiger.FrameworkTESTPractice.SimpleTest">
        <test-method is-config="true" signature="configBS()[pri:0, instance:com.crm.Vtiger.FrameworkTESTPractice.SimpleTest@5aa9e4eb]" started-at="2026-04-13T13:27:18 IST" name="configBS" finished-at="2026-04-13T13:27:19 IST" duration-ms="694" status="PASS">
          <reporter-output>
          </reporter-output>
        </test-method> <!-- configBS -->
        <test-method is-config="true" signature="configBC()[pri:0, instance:com.crm.Vtiger.FrameworkTESTPractice.SimpleTest@5aa9e4eb]" started-at="2026-04-13T13:27:19 IST" name="configBC" finished-at="2026-04-13T13:27:21 IST" duration-ms="2048" status="PASS">
          <reporter-output>
          </reporter-output>
        </test-method> <!-- configBC -->
        <test-method is-config="true" signature="configBM()[pri:0, instance:com.crm.Vtiger.FrameworkTESTPractice.SimpleTest@5aa9e4eb]" started-at="2026-04-13T13:27:21 IST" name="configBM" finished-at="2026-04-13T13:27:22 IST" duration-ms="1327" status="PASS">
          <reporter-output>
          </reporter-output>
        </test-method> <!-- configBM -->
        <test-method signature="CreateOrgTest()[pri:0, instance:com.crm.Vtiger.FrameworkTESTPractice.SimpleTest@5aa9e4eb]" started-at="2026-04-13T13:27:22 IST" name="CreateOrgTest" finished-at="2026-04-13T13:27:38 IST" duration-ms="15504" status="PASS">
          <reporter-output>
          </reporter-output>
        </test-method> <!-- CreateOrgTest -->
        <test-method is-config="true" signature="configAM()[pri:0, instance:com.crm.Vtiger.FrameworkTESTPractice.SimpleTest@5aa9e4eb]" started-at="2026-04-13T13:27:38 IST" name="configAM" finished-at="2026-04-13T13:27:40 IST" duration-ms="1882" status="PASS">
          <reporter-output>
          </reporter-output>
        </test-method> <!-- configAM -->
        <test-method is-config="true" signature="configAC()[pri:0, instance:com.crm.Vtiger.FrameworkTESTPractice.SimpleTest@5aa9e4eb]" started-at="2026-04-13T13:27:40 IST" name="configAC" finished-at="2026-04-13T13:27:40 IST" duration-ms="296" status="PASS">
          <reporter-output>
          </reporter-output>
        </test-method> <!-- configAC -->
        <test-method is-config="true" signature="configAs()[pri:0, instance:com.crm.Vtiger.FrameworkTESTPractice.SimpleTest@5aa9e4eb]" started-at="2026-04-13T13:27:40 IST" name="configAs" finished-at="2026-04-13T13:27:40 IST" duration-ms="0" status="PASS">
          <reporter-output>
          </reporter-output>
        </test-method> <!-- configAs -->
      </class> <!-- com.crm.Vtiger.FrameworkTESTPractice.SimpleTest -->
    </test> <!-- Default test -->
  </suite> <!-- Default suite -->
</testng-results>
