<?xml version="1.0" encoding="UTF-8"?>
<testng-results ignored="0" total="1" passed="1" failed="0" skipped="0">
  <reporter-output>
  </reporter-output>
  <suite started-at="2026-04-14T22:35:52 IST" name="Suite" finished-at="2026-04-14T22:36:10 IST" duration-ms="17357">
    <groups>
    </groups>
    <test started-at="2026-04-14T22:35:52 IST" name="Test" finished-at="2026-04-14T22:36:10 IST" duration-ms="17357">
      <class name="com.crm.Vtiger.FrameworkTESTPractice.SimpleTest">
        <test-method is-config="true" signature="configBS()[pri:0, instance:com.crm.Vtiger.FrameworkTESTPractice.SimpleTest@22ff4249]" started-at="2026-04-14T22:35:47 IST" name="configBS" finished-at="2026-04-14T22:35:52 IST" duration-ms="5053" status="PASS">
          <reporter-output>
          </reporter-output>
        </test-method> <!-- configBS -->
        <test-method is-config="true" signature="configBC()[pri:0, instance:com.crm.Vtiger.FrameworkTESTPractice.SimpleTest@22ff4249]" started-at="2026-04-14T22:35:52 IST" name="configBC" finished-at="2026-04-14T22:35:53 IST" duration-ms="818" status="PASS">
          <reporter-output>
          </reporter-output>
        </test-method> <!-- configBC -->
        <test-method is-config="true" signature="configBM()[pri:0, instance:com.crm.Vtiger.FrameworkTESTPractice.SimpleTest@22ff4249]" started-at="2026-04-14T22:35:53 IST" name="configBM" finished-at="2026-04-14T22:35:54 IST" duration-ms="799" status="PASS">
          <reporter-output>
          </reporter-output>
        </test-method> <!-- configBM -->
        <test-method signature="CreateOrgTest()[pri:0, instance:com.crm.Vtiger.FrameworkTESTPractice.SimpleTest@22ff4249]" started-at="2026-04-14T22:35:54 IST" name="CreateOrgTest" finished-at="2026-04-14T22:36:09 IST" duration-ms="14781" status="PASS">
          <reporter-output>
          </reporter-output>
        </test-method> <!-- CreateOrgTest -->
        <test-method is-config="true" signature="configAM()[pri:0, instance:com.crm.Vtiger.FrameworkTESTPractice.SimpleTest@22ff4249]" started-at="2026-04-14T22:36:09 IST" name="configAM" finished-at="2026-04-14T22:36:09 IST" duration-ms="825" status="PASS">
          <reporter-output>
          </reporter-output>
        </test-method> <!-- configAM -->
        <test-method is-config="true" signature="configAC()[pri:0, instance:com.crm.Vtiger.FrameworkTESTPractice.SimpleTest@22ff4249]" started-at="2026-04-14T22:36:09 IST" name="configAC" finished-at="2026-04-14T22:36:10 IST" duration-ms="111" status="PASS">
          <reporter-output>
          </reporter-output>
        </test-method> <!-- configAC -->
        <test-method is-config="true" signature="configAs()[pri:0, instance:com.crm.Vtiger.FrameworkTESTPractice.SimpleTest@22ff4249]" started-at="2026-04-14T22:36:10 IST" name="configAs" finished-at="2026-04-14T22:36:10 IST" duration-ms="2" status="PASS">
          <reporter-output>
          </reporter-output>
        </test-method> <!-- configAs -->
      </class> <!-- com.crm.Vtiger.FrameworkTESTPractice.SimpleTest -->
    </test> <!-- Test -->
  </suite> <!-- Suite -->
</testng-results>
